<?xml version="1.0" encoding="UTF-8"?>
<testng-results skipped="0" failed="0" ignored="0" total="1" passed="1">
  <reporter-output>
  </reporter-output>
  <suite name="AppiumTest" duration-ms="38412" started-at="2018-11-14T09:22:57Z" finished-at="2018-11-14T09:23:35Z">
    <groups>
    </groups>
    <test name="Command line test" duration-ms="38412" started-at="2018-11-14T09:22:57Z" finished-at="2018-11-14T09:23:35Z">
      <class name="AppiumTest">
        <test-method status="PASS" signature="testName(org.testng.ITestContext)[pri:0, instance:AppiumTest@90f6bfd]" name="testName" duration-ms="38384" started-at="2018-11-14T09:22:57Z" finished-at="2018-11-14T09:23:35Z">
          <params>
            <param index="0">
              <value>
                <![CDATA[org.testng.TestRunner@241e8ea6]]>
              </value>
            </param>
          </params>
          <reporter-output>
          </reporter-output>
        </test-method> <!-- testName -->
      </class> <!-- AppiumTest -->
    </test> <!-- Command line test -->
  </suite> <!-- AppiumTest -->
</testng-results>
